Error[105]   C:\PROGETTI\C170\ICD2\PROVA.ASM 76 : Cannot open file (Include File "T18F4320.MAC" not found)
Warning[207] C:\PROGETTI\C170\ICD2\PROVA.ASM 117 : Found label after column 1. (LABEL?L)
Error[122]   C:\PROGETTI\C170\ICD2\PROVA.ASM 117 : Illegal opcode (_LOOP)
Warning[207] C:\PROGETTI\C170\ICD2\PROVA.ASM 120 : Found label after column 1. (LABEL?L)
Error[122]   C:\PROGETTI\C170\ICD2\PROVA.ASM 120 : Illegal opcode (L00001)
Warning[207] C:\PROGETTI\C170\ICD2\PROVA.ASM 121 : Found label after column 1. (CMPGT?BCL)
Error[122]   C:\PROGETTI\C170\ICD2\PROVA.ASM 121 : Illegal opcode (_CONTA)
Warning[207] C:\PROGETTI\C170\ICD2\PROVA.ASM 123 : Found label after column 1. (PAUSE?C)
Error[108]   C:\PROGETTI\C170\ICD2\PROVA.ASM 123 : Illegal character (0)
Warning[207] C:\PROGETTI\C170\ICD2\PROVA.ASM 124 : Found label after column 1. (SHIFTL?BCB)
Error[122]   C:\PROGETTI\C170\ICD2\PROVA.ASM 124 : Illegal opcode (_TEMP)
Warning[207] C:\PROGETTI\C170\ICD2\PROVA.ASM 125 : Found label after column 1. (NEXT?BCL)
Error[122]   C:\PROGETTI\C170\ICD2\PROVA.ASM 125 : Illegal opcode (_CONTA)
Warning[207] C:\PROGETTI\C170\ICD2\PROVA.ASM 126 : Found label after column 1. (LABEL?L)
Error[122]   C:\PROGETTI\C170\ICD2\PROVA.ASM 126 : Illegal opcode (L00002)
Warning[207] C:\PROGETTI\C170\ICD2\PROVA.ASM 129 : Found label after column 1. (PAUSE?C)
Error[108]   C:\PROGETTI\C170\ICD2\PROVA.ASM 129 : Illegal character (0)
Warning[207] C:\PROGETTI\C170\ICD2\PROVA.ASM 131 : Found label after column 1. (PAUSE?C)
Error[108]   C:\PROGETTI\C170\ICD2\PROVA.ASM 131 : Illegal character (0)
Warning[207] C:\PROGETTI\C170\ICD2\PROVA.ASM 134 : Found label after column 1. (LABEL?L)
Error[122]   C:\PROGETTI\C170\ICD2\PROVA.ASM 134 : Illegal opcode (L00003)
Warning[207] C:\PROGETTI\C170\ICD2\PROVA.ASM 135 : Found label after column 1. (CMPGT?BCL)
Error[122]   C:\PROGETTI\C170\ICD2\PROVA.ASM 135 : Illegal opcode (_CONTA)
Warning[207] C:\PROGETTI\C170\ICD2\PROVA.ASM 137 : Found label after column 1. (PAUSE?C)
Error[108]   C:\PROGETTI\C170\ICD2\PROVA.ASM 137 : Illegal character (0)
Warning[207] C:\PROGETTI\C170\ICD2\PROVA.ASM 138 : Found label after column 1. (SHIFTL?BCB)
Error[122]   C:\PROGETTI\C170\ICD2\PROVA.ASM 138 : Illegal opcode (_TEMP)
Warning[207] C:\PROGETTI\C170\ICD2\PROVA.ASM 139 : Found label after column 1. (NEXT?BCL)
Error[122]   C:\PROGETTI\C170\ICD2\PROVA.ASM 139 : Illegal opcode (_CONTA)
Warning[207] C:\PROGETTI\C170\ICD2\PROVA.ASM 140 : Found label after column 1. (LABEL?L)
Error[122]   C:\PROGETTI\C170\ICD2\PROVA.ASM 140 : Illegal opcode (L00004)
Warning[207] C:\PROGETTI\C170\ICD2\PROVA.ASM 142 : Found label after column 1. (PAUSE?C)
Error[108]   C:\PROGETTI\C170\ICD2\PROVA.ASM 142 : Illegal character (0)
Warning[207] C:\PROGETTI\C170\ICD2\PROVA.ASM 145 : Found label after column 1. (LABEL?L)
Error[122]   C:\PROGETTI\C170\ICD2\PROVA.ASM 145 : Illegal opcode (L00005)
Warning[207] C:\PROGETTI\C170\ICD2\PROVA.ASM 146 : Found label after column 1. (CMPGT?BCL)
Error[122]   C:\PROGETTI\C170\ICD2\PROVA.ASM 146 : Illegal opcode (_CONTA)
Warning[207] C:\PROGETTI\C170\ICD2\PROVA.ASM 148 : Found label after column 1. (PAUSE?C)
Error[108]   C:\PROGETTI\C170\ICD2\PROVA.ASM 148 : Illegal character (0)
Warning[207] C:\PROGETTI\C170\ICD2\PROVA.ASM 149 : Found label after column 1. (SHIFTL?BCB)
Error[122]   C:\PROGETTI\C170\ICD2\PROVA.ASM 149 : Illegal opcode (_TEMP)
Warning[207] C:\PROGETTI\C170\ICD2\PROVA.ASM 150 : Found label after column 1. (NEXT?BCL)
Error[122]   C:\PROGETTI\C170\ICD2\PROVA.ASM 150 : Illegal opcode (_CONTA)
Warning[207] C:\PROGETTI\C170\ICD2\PROVA.ASM 151 : Found label after column 1. (LABEL?L)
Error[122]   C:\PROGETTI\C170\ICD2\PROVA.ASM 151 : Illegal opcode (L00006)
Warning[207] C:\PROGETTI\C170\ICD2\PROVA.ASM 153 : Found label after column 1. (PAUSE?C)
Error[108]   C:\PROGETTI\C170\ICD2\PROVA.ASM 153 : Illegal character (0)
Warning[207] C:\PROGETTI\C170\ICD2\PROVA.ASM 156 : Found label after column 1. (LABEL?L)
Error[122]   C:\PROGETTI\C170\ICD2\PROVA.ASM 156 : Illegal opcode (L00007)
Warning[207] C:\PROGETTI\C170\ICD2\PROVA.ASM 157 : Found label after column 1. (CMPGT?BCL)
Error[122]   C:\PROGETTI\C170\ICD2\PROVA.ASM 157 : Illegal opcode (_CONTA)
Warning[207] C:\PROGETTI\C170\ICD2\PROVA.ASM 159 : Found label after column 1. (PAUSE?C)
Error[108]   C:\PROGETTI\C170\ICD2\PROVA.ASM 159 : Illegal character (0)
Warning[207] C:\PROGETTI\C170\ICD2\PROVA.ASM 160 : Found label after column 1. (SHIFTL?BCB)
Error[122]   C:\PROGETTI\C170\ICD2\PROVA.ASM 160 : Illegal opcode (_TEMP)
Warning[207] C:\PROGETTI\C170\ICD2\PROVA.ASM 161 : Found label after column 1. (NEXT?BCL)
Error[122]   C:\PROGETTI\C170\ICD2\PROVA.ASM 161 : Illegal opcode (_CONTA)
Warning[207] C:\PROGETTI\C170\ICD2\PROVA.ASM 162 : Found label after column 1. (LABEL?L)
Error[122]   C:\PROGETTI\C170\ICD2\PROVA.ASM 162 : Illegal opcode (L00008)
Warning[207] C:\PROGETTI\C170\ICD2\PROVA.ASM 164 : Found label after column 1. (PAUSE?C)
Error[108]   C:\PROGETTI\C170\ICD2\PROVA.ASM 164 : Illegal character (0)
Warning[207] C:\PROGETTI\C170\ICD2\PROVA.ASM 167 : Found label after column 1. (LABEL?L)
Error[122]   C:\PROGETTI\C170\ICD2\PROVA.ASM 167 : Illegal opcode (L00009)
Warning[207] C:\PROGETTI\C170\ICD2\PROVA.ASM 168 : Found label after column 1. (CMPGT?BCL)
Error[122]   C:\PROGETTI\C170\ICD2\PROVA.ASM 168 : Illegal opcode (_CONTA)
Warning[207] C:\PROGETTI\C170\ICD2\PROVA.ASM 170 : Found label after column 1. (PAUSE?C)
Error[108]   C:\PROGETTI\C170\ICD2\PROVA.ASM 170 : Illegal character (0)
Warning[207] C:\PROGETTI\C170\ICD2\PROVA.ASM 171 : Found label after column 1. (SHIFTL?BCB)
Error[122]   C:\PROGETTI\C170\ICD2\PROVA.ASM 171 : Illegal opcode (_TEMP)
Warning[207] C:\PROGETTI\C170\ICD2\PROVA.ASM 172 : Found label after column 1. (NEXT?BCL)
Error[122]   C:\PROGETTI\C170\ICD2\PROVA.ASM 172 : Illegal opcode (_CONTA)
Warning[207] C:\PROGETTI\C170\ICD2\PROVA.ASM 173 : Found label after column 1. (LABEL?L)
Error[122]   C:\PROGETTI\C170\ICD2\PROVA.ASM 173 : Illegal opcode (L00010)
Warning[207] C:\PROGETTI\C170\ICD2\PROVA.ASM 175 : Found label after column 1. (PAUSE?C)
Error[108]   C:\PROGETTI\C170\ICD2\PROVA.ASM 175 : Illegal character (0)
Warning[207] C:\PROGETTI\C170\ICD2\PROVA.ASM 176 : Found label after column 1. (GOTO?L)
Error[122]   C:\PROGETTI\C170\ICD2\PROVA.ASM 176 : Illegal opcode (_LOOP)
