;  ASM code generated by mikroVirtualMachine for PIC - V. 3.0.0.0
;  Date/Time: 08/01/2006 19.56.15
;  Info: http://www.mikroelektronika.co.yu


; ADDRESS	OPCODE	ASM
; ----------------------------------------------
$0000	$2939	GOTO	_main
$0004	$	delays_Delay_1us:
$0004	$3001	MOVLW	1
$0005	$1303	BCF	STATUS,RP1
$0006	$1283	BCF	STATUS,RP0
$0007	$00F0	MOVWF	STACK_0
$0008	$0BF0	DECFSZ	STACK_0,F
$0009	$2808	GOTO	$-1
$000A	$0000	NOP
$000B	$0008	RETURN
$000C	$	delays_Delay_5500us:
$000C	$3024	MOVLW	36
$000D	$1303	BCF	STATUS,RP1
$000E	$1283	BCF	STATUS,RP0
$000F	$00F0	MOVWF	STACK_0
$0010	$30FF	MOVLW	255
$0011	$00F1	MOVWF	STACK_1
$0012	$0BF0	DECFSZ	STACK_0,F
$0013	$2815	GOTO	$+2
$0014	$2818	GOTO	$+4
$0015	$0BF1	DECFSZ	STACK_1,F
$0016	$2815	GOTO	$-1
$0017	$2812	GOTO	$-5
$0018	$309E	MOVLW	158
$0019	$00F2	MOVWF	STACK_2
$001A	$0BF2	DECFSZ	STACK_2,F
$001B	$281A	GOTO	$-1
$001C	$0008	RETURN
$001D	$	delays_Delay_50us:
$001D	$3053	MOVLW	83
$001E	$1303	BCF	STATUS,RP1
$001F	$1283	BCF	STATUS,RP0
$0020	$00F0	MOVWF	STACK_0
$0021	$0BF0	DECFSZ	STACK_0,F
$0022	$2821	GOTO	$-1
$0023	$0008	RETURN
$0024	$	_Lcd_Cmd:
$0024	$1303	BCF	STATUS,RP1
$0025	$1283	BCF	STATUS,RP0
$0026	$0820	MOVF 	lcd_port_address,W
$0027	$0084	MOVWF 	FSR
$0028	$0845	MOVF 	Lcd_Cmd_argh0,W
$0029	$00C5	MOVWF 	Lcd_Cmd_argh0
$002A	$0180	CLRF INDF
$002B	$1BC5	BTFSC Lcd_cmd_argh0, 7
$002C	$1780	BSF INDF, ___DB7
$002D	$1B45	BTFSC Lcd_cmd_argh0, 6
$002E	$1700	BSF INDF, ___DB6
$002F	$1AC5	BTFSC Lcd_cmd_argh0, 5
$0030	$1680	BSF INDF, ___DB5
$0031	$1A45	BTFSC Lcd_cmd_argh0, 4
$0032	$1600	BSF INDF, ___DB4
$0033	$01F0	CLRF 	STACK_0
$0034	$0821	MOVF	lcd_cmd_status,W
$0035	$0270	SUBWF	STACK_0,W
$0036	$1903	BTFSC	STATUS,Z
$0037	$283A	GOTO 	L_Lcd_Cmd_0
$0038	$1100	BCF INDF, ___RS
$0039	$283B	GOTO 	L_Lcd_Cmd_1
$003A	$	L_Lcd_Cmd_0:
$003A	$1500	BSF INDF, ___RS
$003B	$	L_Lcd_Cmd_1:
$003B	$0845	MOVF 	Lcd_Cmd_argh0,W
$003C	$00C5	MOVWF 	Lcd_Cmd_argh0
$003D	$1580	BSF INDF, ___ENABLE
$003E	$2004	CALL	delays_Delay_1us
$003F	$1180	BCF INDF, ___ENABLE
$0040	$0180	CLRF INDF
$0041	$19C5	BTFSC Lcd_cmd_argh0, 3
$0042	$1780	BSF INDF, ___DB7
$0043	$1945	BTFSC Lcd_cmd_argh0, 2
$0044	$1700	BSF INDF, ___DB6
$0045	$18C5	BTFSC Lcd_cmd_argh0, 1
$0046	$1680	BSF INDF, ___DB5
$0047	$1845	BTFSC Lcd_cmd_argh0, 0
$0048	$1600	BSF INDF, ___DB4
$0049	$01F0	CLRF 	STACK_0
$004A	$0821	MOVF	lcd_cmd_status,W
$004B	$0270	SUBWF	STACK_0,W
$004C	$1903	BTFSC	STATUS,Z
$004D	$2850	GOTO 	L_Lcd_Cmd_2
$004E	$1100	BCF INDF, ___RS
$004F	$2851	GOTO 	L_Lcd_Cmd_3
$0050	$	L_Lcd_Cmd_2:
$0050	$1500	BSF INDF, ___RS
$0051	$	L_Lcd_Cmd_3:
$0051	$1580	BSF INDF, ___ENABLE
$0052	$2004	CALL	delays_Delay_1us
$0053	$1180	BCF INDF, ___ENABLE
$0054	$01F0	CLRF 	STACK_0
$0055	$0821	MOVF	lcd_cmd_status,W
$0056	$0270	SUBWF	STACK_0,W
$0057	$1903	BTFSC	STATUS,Z
$0058	$285B	GOTO 	L_Lcd_Cmd_4
$0059	$200C	CALL	delays_Delay_5500us
$005A	$285C	GOTO 	L_Lcd_Cmd_5
$005B	$	L_Lcd_Cmd_4:
$005B	$201D	CALL	delays_Delay_50us
$005C	$	L_Lcd_Cmd_5:
$005C	$0008	RETURN
$005D	$	_Lcd_Chr_CP:
$005D	$1303	BCF	STATUS,RP1
$005E	$1283	BCF	STATUS,RP0
$005F	$01A1	CLRF 	lcd_cmd_status
$0060	$0844	MOVF 	Lcd_Chr_CP_argh0,W
$0061	$00C5	MOVWF 	Lcd_Cmd_argh0
$0062	$2024	CALL	_Lcd_Cmd
$0063	$3001	MOVLW	1
$0064	$1303	BCF	STATUS,RP1
$0065	$1283	BCF	STATUS,RP0
$0066	$00A1	MOVWF 	lcd_cmd_status
$0067	$0008	RETURN
$0068	$	GlobalIniDisplayLCD:
$0068	$3023	MOVLW 	lstr2__1
$0069	$1303	BCF	STATUS,RP1
$006A	$1283	BCF	STATUS,RP0
$006B	$00F1	MOVWF 	STACK_1
$006C	$00A2	MOVWF 	_text1
$006D	$304F	MOVLW	79
$006E	$00A3	MOVWF	lstr2__1
$006F	$3050	MOVLW	80
$0070	$00A4	MOVWF	lstr2__2
$0071	$3051	MOVLW	81
$0072	$00A5	MOVWF	lstr2__3
$0073	$3052	MOVLW	82
$0074	$00A6	MOVWF	lstr2__4
$0075	$3053	MOVLW	83
$0076	$00A7	MOVWF	lstr2__5
$0077	$3054	MOVLW	84
$0078	$00A8	MOVWF	lstr2__6
$0079	$3055	MOVLW	85
$007A	$00A9	MOVWF	lstr2__7
$007B	$3056	MOVLW	86
$007C	$00AA	MOVWF	lstr2__8
$007D	$3057	MOVLW	87
$007E	$00AB	MOVWF	lstr2__9
$007F	$3058	MOVLW	88
$0080	$00AC	MOVWF	lstr2__10
$0081	$3059	MOVLW	89
$0082	$00AD	MOVWF	lstr2__11
$0083	$305A	MOVLW	90
$0084	$00AE	MOVWF	lstr2__12
$0085	$01AF	CLRF	lstr2__13
$0086	$3031	MOVLW 	lstr1__1
$0087	$00F0	MOVWF 	STACK_0
$0088	$00B0	MOVWF 	_text0
$0089	$3041	MOVLW	65
$008A	$00B1	MOVWF	lstr1__1
$008B	$3042	MOVLW	66
$008C	$00B2	MOVWF	lstr1__2
$008D	$3043	MOVLW	67
$008E	$00B3	MOVWF	lstr1__3
$008F	$3044	MOVLW	68
$0090	$00B4	MOVWF	lstr1__4
$0091	$3045	MOVLW	69
$0092	$00B5	MOVWF	lstr1__5
$0093	$3046	MOVLW	70
$0094	$00B6	MOVWF	lstr1__6
$0095	$3047	MOVLW	71
$0096	$00B7	MOVWF	lstr1__7
$0097	$3048	MOVLW	72
$0098	$00B8	MOVWF	lstr1__8
$0099	$3049	MOVLW	73
$009A	$00B9	MOVWF	lstr1__9
$009B	$304C	MOVLW	76
$009C	$00BA	MOVWF	lstr1__10
$009D	$304D	MOVLW	77
$009E	$00BB	MOVWF	lstr1__11
$009F	$304E	MOVLW	78
$00A0	$00BC	MOVWF	lstr1__12
$00A1	$01BD	CLRF	lstr1__13
$00A2	$0008	RETURN
$00A3	$	_Lcd_Init:
$00A3	$200C	CALL	delays_Delay_5500us
$00A4	$200C	CALL	delays_Delay_5500us
$00A5	$200C	CALL	delays_Delay_5500us
$00A6	$0820	MOVF 	lcd_port_address,W
$00A7	$00A0	MOVWF 	lcd_port_address
$00A8	$0840	MOVF 	Lcd_Init_argh0,W
$00A9	$0084	MOVWF 	FSR
$00AA	$0180	CLRF 	INDF
$00AB	$0840	MOVF lcd_init_argh0, W
$00AC	$00A0	MOVWF lcd_port_address
$00AD	$1784	BSF FSR, 7
$00AE	$0180	CLRF INDF
$00AF	$1384	BCF FSR, 7
$00B0	$1680	BSF INDF, ___DB5
$00B1	$1600	BSF INDF, ___DB4
$00B2	$1580	BSF INDF, ___ENABLE
$00B3	$1180	BCF INDF, ___ENABLE
$00B4	$200C	CALL	delays_Delay_5500us
$00B5	$1580	BSF INDF, ___ENABLE
$00B6	$1180	BCF INDF, ___ENABLE
$00B7	$200C	CALL	delays_Delay_5500us
$00B8	$1580	BSF INDF, ___ENABLE
$00B9	$1180	BCF INDF, ___ENABLE
$00BA	$200C	CALL	delays_Delay_5500us
$00BB	$1680	BSF INDF, ___DB5
$00BC	$1200	BCF INDF, ___DB4
$00BD	$1580	BSF INDF, ___ENABLE
$00BE	$1180	BCF INDF, ___ENABLE
$00BF	$200C	CALL	delays_Delay_5500us
$00C0	$0180	CLRF INDF
$00C1	$1680	BSF INDF, ___DB5
$00C2	$1580	BSF INDF, ___ENABLE
$00C3	$1180	BCF INDF, ___ENABLE
$00C4	$0180	CLRF INDF
$00C5	$1780	BSF INDF, ___DB7
$00C6	$1580	BSF INDF, ___ENABLE
$00C7	$1180	BCF INDF, ___ENABLE
$00C8	$200C	CALL	delays_Delay_5500us
$00C9	$0180	CLRF INDF
$00CA	$1600	BSF INDF, ___DB4
$00CB	$1580	BSF INDF, ___ENABLE
$00CC	$1180	BCF INDF, ___ENABLE
$00CD	$0180	CLRF INDF
$00CE	$1580	BSF INDF, ___ENABLE
$00CF	$1180	BCF INDF, ___ENABLE
$00D0	$200C	CALL	delays_Delay_5500us
$00D1	$0180	CLRF INDF
$00D2	$1580	BSF INDF, ___ENABLE
$00D3	$1180	BCF INDF, ___ENABLE
$00D4	$1600	BSF INDF, ___DB4
$00D5	$1580	BSF INDF, ___ENABLE
$00D6	$1180	BCF INDF, ___ENABLE
$00D7	$200C	CALL	delays_Delay_5500us
$00D8	$0180	CLRF INDF
$00D9	$1580	BSF INDF, ___ENABLE
$00DA	$1180	BCF INDF, ___ENABLE
$00DB	$1600	BSF INDF, ___DB4
$00DC	$1680	BSF INDF, ___DB5
$00DD	$1700	BSF INDF, ___DB6
$00DE	$1780	BSF INDF, ___DB7
$00DF	$1580	BSF INDF, ___ENABLE
$00E0	$1180	BCF INDF, ___ENABLE
$00E1	$200C	CALL	delays_Delay_5500us
$00E2	$3001	MOVLW	1
$00E3	$00A1	MOVWF 	lcd_cmd_status
$00E4	$0008	RETURN
$00E5	$	_LCD_Out:
$00E5	$1303	BCF	STATUS,RP1
$00E6	$1283	BCF	STATUS,RP0
$00E7	$0841	MOVF 	LCD_Out_argh0,W
$00E8	$00C1	MOVWF 	LCD_Out_argh0
$00E9	$28F9	GOTO 	L_LCD_Out_15
$00EA	$	L_LCD_Out_17:
$00EA	$3080	MOVLW	128
$00EB	$00C1	MOVWF 	LCD_Out_argh0
$00EC	$2912	GOTO 	L_LCD_Out_16
$00ED	$	L_LCD_Out_18:
$00ED	$30C0	MOVLW	192
$00EE	$00C1	MOVWF 	LCD_Out_argh0
$00EF	$2912	GOTO 	L_LCD_Out_16
$00F0	$	L_LCD_Out_19:
$00F0	$3094	MOVLW	148
$00F1	$00C1	MOVWF 	LCD_Out_argh0
$00F2	$2912	GOTO 	L_LCD_Out_16
$00F3	$	L_LCD_Out_20:
$00F3	$30D4	MOVLW	212
$00F4	$00C1	MOVWF 	LCD_Out_argh0
$00F5	$2912	GOTO 	L_LCD_Out_16
$00F6	$	L_LCD_Out_21:
$00F6	$3080	MOVLW	128
$00F7	$00C1	MOVWF 	LCD_Out_argh0
$00F8	$2912	GOTO 	L_LCD_Out_16
$00F9	$	L_LCD_Out_15:
$00F9	$3001	MOVLW	1
$00FA	$00F0	MOVWF 	STACK_0
$00FB	$0870	MOVF	STACK_0,W
$00FC	$0241	SUBWF	LCD_Out_argh0,W
$00FD	$1903	BTFSC	STATUS,Z
$00FE	$28EA	GOTO 	L_LCD_Out_17
$00FF	$3002	MOVLW	2
$0100	$00F0	MOVWF 	STACK_0
$0101	$0870	MOVF	STACK_0,W
$0102	$0241	SUBWF	LCD_Out_argh0,W
$0103	$1903	BTFSC	STATUS,Z
$0104	$28ED	GOTO 	L_LCD_Out_18
$0105	$3003	MOVLW	3
$0106	$00F0	MOVWF 	STACK_0
$0107	$0870	MOVF	STACK_0,W
$0108	$0241	SUBWF	LCD_Out_argh0,W
$0109	$1903	BTFSC	STATUS,Z
$010A	$28F0	GOTO 	L_LCD_Out_19
$010B	$3004	MOVLW	4
$010C	$00F0	MOVWF 	STACK_0
$010D	$0870	MOVF	STACK_0,W
$010E	$0241	SUBWF	LCD_Out_argh0,W
$010F	$1903	BTFSC	STATUS,Z
$0110	$28F3	GOTO 	L_LCD_Out_20
$0111	$28F6	GOTO 	L_LCD_Out_21
$0112	$	L_LCD_Out_16:
$0112	$3001	MOVLW	1
$0113	$00F0	MOVWF 	STACK_0
$0114	$0870	MOVF	STACK_0,W
$0115	$0242	SUBWF	LCD_Out_argh1,W
$0116	$00F1	MOVWF	STACK_1
$0117	$0841	MOVF	LCD_Out_argh0,W
$0118	$07F1	ADDWF	STACK_1,F
$0119	$0871	MOVF 	STACK_1,W
$011A	$00C1	MOVWF 	LCD_Out_argh0
$011B	$0841	MOVF 	LCD_Out_argh0,W
$011C	$00C5	MOVWF 	Lcd_Cmd_argh0
$011D	$2024	CALL	_Lcd_Cmd
$011E	$1303	BCF	STATUS,RP1
$011F	$1283	BCF	STATUS,RP0
$0120	$01A1	CLRF 	lcd_cmd_status
$0121	$01C0	CLRF 	LCD_Out_i_L0
$0122	$	L_LCD_Out_22:
$0122	$1303	BCF	STATUS,RP1
$0123	$1283	BCF	STATUS,RP0
$0124	$0840	MOVF	LCD_Out_i_L0,W
$0125	$0743	ADDWF	LCD_Out_argh2,W
$0126	$00F0	MOVWF	STACK_0
$0127	$01F1	CLRF 	STACK_1
$0128	$0870	MOVF 	STACK_0,W
$0129	$0084	MOVWF 	FSR
$012A	$0800	MOVF 	INDF,W
$012B	$0271	SUBWF	STACK_1,W
$012C	$1903	BTFSC	STATUS,Z
$012D	$2936	GOTO 	L_LCD_Out_23
$012E	$0840	MOVF	LCD_Out_i_L0,W
$012F	$0743	ADDWF	LCD_Out_argh2,W
$0130	$0084	MOVWF 	FSR
$0131	$0800	MOVF 	INDF,W
$0132	$00C4	MOVWF 	Lcd_Chr_CP_argh0
$0133	$205D	CALL	_Lcd_Chr_CP
$0134	$0AC0	INCF	LCD_Out_i_L0,F
$0135	$2922	GOTO 	L_LCD_Out_22
$0136	$	L_LCD_Out_23:
$0136	$3001	MOVLW	1
$0137	$00A1	MOVWF 	lcd_cmd_status
$0138	$0008	RETURN
$0139	$	_main:
$0139	$2068	CALL	GlobalIniDisplayLCD
$013A	$3006	MOVLW 	PORTB
$013B	$1303	BCF	STATUS,RP1
$013C	$1283	BCF	STATUS,RP0
$013D	$00F2	MOVWF 	STACK_2
$013E	$00C0	MOVWF 	Lcd_Init_argh0
$013F	$0870	MOVF	STACK_0,W
$0140	$00BE	MOVWF	Mirror_main_STACK_0
$0141	$0871	MOVF	STACK_1,W
$0142	$00BF	MOVWF	Mirror_main_STACK_1
$0143	$20A3	CALL	_Lcd_Init
$0144	$083E	MOVF	Mirror_main_STACK_0,W
$0145	$00F0	MOVWF	STACK_0
$0146	$083F	MOVF	Mirror_main_STACK_1,W
$0147	$00F1	MOVWF	STACK_1
$0148	$3001	MOVLW	1
$0149	$00C5	MOVWF 	Lcd_Cmd_argh0
$014A	$2024	CALL	_Lcd_Cmd
$014B	$300C	MOVLW	12
$014C	$1303	BCF	STATUS,RP1
$014D	$1283	BCF	STATUS,RP0
$014E	$00C5	MOVWF 	Lcd_Cmd_argh0
$014F	$2024	CALL	_Lcd_Cmd
$0150	$	L_main_0:
$0150	$2952	GOTO	L_main_2
$0151	$29AB	GOTO 	L_main_1
$0152	$	L_main_2:
$0152	$3001	MOVLW	1
$0153	$1303	BCF	STATUS,RP1
$0154	$1283	BCF	STATUS,RP0
$0155	$00C1	MOVWF 	LCD_Out_argh0
$0156	$3001	MOVLW	1
$0157	$00C2	MOVWF 	LCD_Out_argh1
$0158	$0830	MOVF 	_text0,W
$0159	$00C3	MOVWF 	LCD_Out_argh2
$015A	$20E5	CALL	_LCD_Out
$015B	$301A	MOVLW	26
$015C	$00F0	MOVWF	STACK_0
$015D	$30FF	MOVLW	255
$015E	$00F1	MOVWF	STACK_1
$015F	$30FF	MOVLW	255
$0160	$00F2	MOVWF	STACK_2
$0161	$0BF0	DECFSZ	STACK_0,F
$0162	$2964	GOTO	$+2
$0163	$296B	GOTO	$+8
$0164	$0BF1	DECFSZ	STACK_1,F
$0165	$2967	GOTO	$+2
$0166	$296A	GOTO	$+4
$0167	$0BF2	DECFSZ	STACK_2,F
$0168	$2967	GOTO	$-1
$0169	$2964	GOTO	$-5
$016A	$2961	GOTO	$-9
$016B	$307F	MOVLW	127
$016C	$00F3	MOVWF	STACK_3
$016D	$30FF	MOVLW	255
$016E	$00F4	MOVWF	STACK_4
$016F	$0BF3	DECFSZ	STACK_3,F
$0170	$2972	GOTO	$+2
$0171	$2975	GOTO	$+4
$0172	$0BF4	DECFSZ	STACK_4,F
$0173	$2972	GOTO	$-1
$0174	$296F	GOTO	$-5
$0175	$3059	MOVLW	89
$0176	$00F5	MOVWF	STACK_5
$0177	$0BF5	DECFSZ	STACK_5,F
$0178	$2977	GOTO	$-1
$0179	$0000	NOP
$017A	$0000	NOP
$017B	$3001	MOVLW	1
$017C	$00C5	MOVWF 	Lcd_Cmd_argh0
$017D	$2024	CALL	_Lcd_Cmd
$017E	$3001	MOVLW	1
$017F	$1303	BCF	STATUS,RP1
$0180	$1283	BCF	STATUS,RP0
$0181	$00C1	MOVWF 	LCD_Out_argh0
$0182	$3001	MOVLW	1
$0183	$00C2	MOVWF 	LCD_Out_argh1
$0184	$0830	MOVF 	_text0,W
$0185	$00C3	MOVWF 	LCD_Out_argh2
$0186	$20E5	CALL	_LCD_Out
$0187	$301A	MOVLW	26
$0188	$00F0	MOVWF	STACK_0
$0189	$30FF	MOVLW	255
$018A	$00F1	MOVWF	STACK_1
$018B	$30FF	MOVLW	255
$018C	$00F2	MOVWF	STACK_2
$018D	$0BF0	DECFSZ	STACK_0,F
$018E	$2990	GOTO	$+2
$018F	$2997	GOTO	$+8
$0190	$0BF1	DECFSZ	STACK_1,F
$0191	$2993	GOTO	$+2
$0192	$2996	GOTO	$+4
$0193	$0BF2	DECFSZ	STACK_2,F
$0194	$2993	GOTO	$-1
$0195	$2990	GOTO	$-5
$0196	$298D	GOTO	$-9
$0197	$307F	MOVLW	127
$0198	$00F3	MOVWF	STACK_3
$0199	$30FF	MOVLW	255
$019A	$00F4	MOVWF	STACK_4
$019B	$0BF3	DECFSZ	STACK_3,F
$019C	$299E	GOTO	$+2
$019D	$29A1	GOTO	$+4
$019E	$0BF4	DECFSZ	STACK_4,F
$019F	$299E	GOTO	$-1
$01A0	$299B	GOTO	$-5
$01A1	$3059	MOVLW	89
$01A2	$00F5	MOVWF	STACK_5
$01A3	$0BF5	DECFSZ	STACK_5,F
$01A4	$29A3	GOTO	$-1
$01A5	$0000	NOP
$01A6	$0000	NOP
$01A7	$3001	MOVLW	1
$01A8	$00C5	MOVWF 	Lcd_Cmd_argh0
$01A9	$2024	CALL	_Lcd_Cmd
$01AA	$2950	GOTO 	L_main_0
$01AB	$	L_main_1:
$01AB	$29AB	GOTO 	$


//** Procedures locations **
//ADDRESS		PROCEDURE
//----------------------------------------------
$0004		Delay_1us
$000C		Delay_5500us
$001D		Delay_50us
$0024		Lcd_Cmd
$005D		Lcd_Chr_CP
$0068		GlobalIniDisplayLCD
$00A3		Lcd_Init
$00E5		LCD_Out
$0139		main


//** Labels locations **
//ADDRESS		LABEL
//----------------------------------------------
$0004		delays_Delay_1us:
$000C		delays_Delay_5500us:
$001D		delays_Delay_50us:
$0024		_Lcd_Cmd:
$003A		L_Lcd_Cmd_0:
$003B		L_Lcd_Cmd_1:
$0050		L_Lcd_Cmd_2:
$0051		L_Lcd_Cmd_3:
$005B		L_Lcd_Cmd_4:
$005C		L_Lcd_Cmd_5:
$005D		_Lcd_Chr_CP:
$0068		GlobalIniDisplayLCD:
$00A3		_Lcd_Init:
$00E5		_LCD_Out:
$00EA		L_LCD_Out_17:
$00ED		L_LCD_Out_18:
$00F0		L_LCD_Out_19:
$00F3		L_LCD_Out_20:
$00F6		L_LCD_Out_21:
$00F9		L_LCD_Out_15:
$0112		L_LCD_Out_16:
$0122		L_LCD_Out_22:
$0136		L_LCD_Out_23:
$0139		_main:
$0150		L_main_0:
$0152		L_main_2:
$01AB		L_main_1:


//** Variables locations **
//ADDRESS		VARIABLE
//----------------------------------------------
$0000		INDF
$0002		PCL
$0003		STATUS
$0004		FSR
$0006		PORTB
$000A		PCLATH
$0020		lcd_port_address
$0021		lcd_cmd_status
$0022		_text1
$0023		lstr2_
$0030		_text0
$0031		lstr1_
$003E		Mirror_main_STACK_0
$003F		Mirror_main_STACK_1
$0040		Lcd_Init_argh0
$0040		LCD_Out_i_L0
$0041		LCD_Out_argh0
$0042		LCD_Out_argh1
$0043		LCD_Out_argh2
$0044		Lcd_Chr_CP_argh0
$0045		Lcd_Cmd_argh0
$0070		STACK_0
$0071		STACK_1
$0072		STACK_2
$0073		STACK_3
$0074		STACK_4
$0075		STACK_5


